<?xml version="1.0" encoding="UTF-8"?>
<!-- Generated by org.testng.reporters.JUnitReportReporter -->
<testsuite hostname="DESKTOP-87PLKL5" failures="0" tests="1" name="com.inetBankingV1.testCases.TC_AddCustomerTest_003" time="15.199" errors="0" timestamp="2021-05-11T18:55:18 EDT" skipped="0">
  <testcase classname="com.inetBankingV1.testCases.TC_AddCustomerTest_003" name="addNewCustomer" time="15.199"/>
  <system-out/>
</testsuite> <!-- com.inetBankingV1.testCases.TC_AddCustomerTest_003 -->
