<?xml version="1.0" encoding="UTF-8"?>
<!-- Generated by org.testng.reporters.JUnitReportReporter -->
<testsuite hostname="DESKTOP-87PLKL5" failures="0" tests="1" name="com.inetBankingV1.testCases.TC_LoginTest_001" time="1.598" errors="0" timestamp="2021-05-11T18:55:18 EDT" skipped="0">
  <testcase classname="com.inetBankingV1.testCases.TC_LoginTest_001" name="loginTest" time="1.598"/>
  <system-out/>
</testsuite> <!-- com.inetBankingV1.testCases.TC_LoginTest_001 -->
